The target system is: Android - 21 - x86_64
The host system is: Darwin - 16.1.0 - x86_64
Determining if the C compiler works passed with the following output:
Change Dir: /Volumes/iMect/iphone/SuperpoweredSDK/Android/HLSExample/app/.externalNativeBuild/cmake/debug/x86_64/CMakeFiles/CMakeTmp

Run Build Command:"/android/sdk/cmake/3.6.3155560/bin/ninja" "cmTC_bb736"
[1/2] Building C object CMakeFiles/cmTC_bb736.dir/testCCompiler.c.o
[2/2] Linking C executable cmTC_bb736


Detecting C compiler ABI info compiled with the following output:
Change Dir: /Volumes/iMect/iphone/SuperpoweredSDK/Android/HLSExample/app/.externalNativeBuild/cmake/debug/x86_64/CMakeFiles/CMakeTmp

Run Build Command:"/android/sdk/cmake/3.6.3155560/bin/ninja" "cmTC_756c1"
[1/2] Building C object CMakeFiles/cmTC_756c1.dir/CMakeCCompilerABI.c.o
[2/2] Linking C executable cmTC_756c1
Android clang version 3.8.256229  (based on LLVM 3.8.256229)
Target: x86_64-none-linux-android
Thread model: posix
InstalledDir: /android/ndk/toolchains/llvm/prebuilt/darwin-x86_64/bin
Found candidate GCC installation: /android/ndk/toolchains/x86_64-4.9/prebuilt/darwin-x86_64/lib/gcc/x86_64-linux-android/4.9.x
Selected GCC installation: /android/ndk/toolchains/x86_64-4.9/prebuilt/darwin-x86_64/lib/gcc/x86_64-linux-android/4.9.x
Candidate multilib: .;@m64
Candidate multilib: 32;@m32
Candidate multilib: x32;@mx32
Selected multilib: .;@m64
 "/android/ndk/toolchains/x86_64-4.9/prebuilt/darwin-x86_64/lib/gcc/x86_64-linux-android/4.9.x/../../../../x86_64-linux-android/bin/ld" --sysroot=/android/ndk/platforms/android-21/arch-x86_64 -pie --eh-frame-hdr -m elf_x86_64 -dynamic-linker /system/bin/linker64 -o cmTC_756c1 /android/ndk/platforms/android-21/arch-x86_64/usr/lib/../lib64/crtbegin_dynamic.o -L/android/ndk/toolchains/x86_64-4.9/prebuilt/darwin-x86_64/lib/gcc/x86_64-linux-android/4.9.x -L/android/ndk/toolchains/x86_64-4.9/prebuilt/darwin-x86_64/lib/gcc/x86_64-linux-android/4.9.x/../../../../x86_64-linux-android/lib/../lib64 -L/android/ndk/platforms/android-21/arch-x86_64/usr/lib/../lib64 -L/android/ndk/toolchains/x86_64-4.9/prebuilt/darwin-x86_64/lib/gcc/x86_64-linux-android/4.9.x/../../../../x86_64-linux-android/lib -L/android/ndk/platforms/android-21/arch-x86_64/usr/lib --build-id --warn-shared-textrel --fatal-warnings --no-undefined -z noexecstack -z relro -z now --gc-sections -z nocopyreloc --build-id --warn-shared-textrel --fatal-warnings --no-undefined -z noexecstack -z relro -z now --gc-sections -z nocopyreloc CMakeFiles/cmTC_756c1.dir/CMakeCCompilerABI.c.o -lgcc -ldl -lc -lgcc -ldl /android/ndk/platforms/android-21/arch-x86_64/usr/lib/../lib64/crtend_android.o


Parsed C implicit link information from above output:
  link line regex: [^( *|.*[/\])(x86_64-linux-android-ld|([^/\]+-)?ld|collect2)[^/\]*( |$)]
  ignore line: [Change Dir: /Volumes/iMect/iphone/SuperpoweredSDK/Android/HLSExample/app/.externalNativeBuild/cmake/debug/x86_64/CMakeFiles/CMakeTmp]
  ignore line: []
  ignore line: [Run Build Command:"/android/sdk/cmake/3.6.3155560/bin/ninja" "cmTC_756c1"]
  ignore line: [[1/2] Building C object CMakeFiles/cmTC_756c1.dir/CMakeCCompilerABI.c.o]
  ignore line: [[2/2] Linking C executable cmTC_756c1]
  ignore line: [Android clang version 3.8.256229  (based on LLVM 3.8.256229)]
  ignore line: [Target: x86_64-none-linux-android]
  ignore line: [Thread model: posix]
  ignore line: [InstalledDir: /android/ndk/toolchains/llvm/prebuilt/darwin-x86_64/bin]
  ignore line: [Found candidate GCC installation: /android/ndk/toolchains/x86_64-4.9/prebuilt/darwin-x86_64/lib/gcc/x86_64-linux-android/4.9.x]
  ignore line: [Selected GCC installation: /android/ndk/toolchains/x86_64-4.9/prebuilt/darwin-x86_64/lib/gcc/x86_64-linux-android/4.9.x]
  ignore line: [Candidate multilib: .]
  ignore line: [@m64]
  ignore line: [Candidate multilib: 32]
  ignore line: [@m32]
  ignore line: [Candidate multilib: x32]
  ignore line: [@mx32]
  ignore line: [Selected multilib: .]
  ignore line: [@m64]
  link line: [ "/android/ndk/toolchains/x86_64-4.9/prebuilt/darwin-x86_64/lib/gcc/x86_64-linux-android/4.9.x/../../../../x86_64-linux-android/bin/ld" --sysroot=/android/ndk/platforms/android-21/arch-x86_64 -pie --eh-frame-hdr -m elf_x86_64 -dynamic-linker /system/bin/linker64 -o cmTC_756c1 /android/ndk/platforms/android-21/arch-x86_64/usr/lib/../lib64/crtbegin_dynamic.o -L/android/ndk/toolchains/x86_64-4.9/prebuilt/darwin-x86_64/lib/gcc/x86_64-linux-android/4.9.x -L/android/ndk/toolchains/x86_64-4.9/prebuilt/darwin-x86_64/lib/gcc/x86_64-linux-android/4.9.x/../../../../x86_64-linux-android/lib/../lib64 -L/android/ndk/platforms/android-21/arch-x86_64/usr/lib/../lib64 -L/android/ndk/toolchains/x86_64-4.9/prebuilt/darwin-x86_64/lib/gcc/x86_64-linux-android/4.9.x/../../../../x86_64-linux-android/lib -L/android/ndk/platforms/android-21/arch-x86_64/usr/lib --build-id --warn-shared-textrel --fatal-warnings --no-undefined -z noexecstack -z relro -z now --gc-sections -z nocopyreloc --build-id --warn-shared-textrel --fatal-warnings --no-undefined -z noexecstack -z relro -z now --gc-sections -z nocopyreloc CMakeFiles/cmTC_756c1.dir/CMakeCCompilerABI.c.o -lgcc -ldl -lc -lgcc -ldl /android/ndk/platforms/android-21/arch-x86_64/usr/lib/../lib64/crtend_android.o]
    arg [/android/ndk/toolchains/x86_64-4.9/prebuilt/darwin-x86_64/lib/gcc/x86_64-linux-android/4.9.x/../../../../x86_64-linux-android/bin/ld] ==> ignore
    arg [--sysroot=/android/ndk/platforms/android-21/arch-x86_64] ==> ignore
    arg [-pie] ==> ignore
    arg [--eh-frame-hdr] ==> ignore
    arg [-m] ==> ignore
    arg [elf_x86_64] ==> ignore
    arg [-dynamic-linker] ==> ignore
    arg [/system/bin/linker64] ==> ignore
    arg [-o] ==> ignore
    arg [cmTC_756c1] ==> ignore
    arg [/android/ndk/platforms/android-21/arch-x86_64/usr/lib/../lib64/crtbegin_dynamic.o] ==> ignore
    arg [-L/android/ndk/toolchains/x86_64-4.9/prebuilt/darwin-x86_64/lib/gcc/x86_64-linux-android/4.9.x] ==> dir [/android/ndk/toolchains/x86_64-4.9/prebuilt/darwin-x86_64/lib/gcc/x86_64-linux-android/4.9.x]
    arg [-L/android/ndk/toolchains/x86_64-4.9/prebuilt/darwin-x86_64/lib/gcc/x86_64-linux-android/4.9.x/../../../../x86_64-linux-android/lib/../lib64] ==> dir [/android/ndk/toolchains/x86_64-4.9/prebuilt/darwin-x86_64/lib/gcc/x86_64-linux-android/4.9.x/../../../../x86_64-linux-android/lib/../lib64]
    arg [-L/android/ndk/platforms/android-21/arch-x86_64/usr/lib/../lib64] ==> dir [/android/ndk/platforms/android-21/arch-x86_64/usr/lib/../lib64]
    arg [-L/android/ndk/toolchains/x86_64-4.9/prebuilt/darwin-x86_64/lib/gcc/x86_64-linux-android/4.9.x/../../../../x86_64-linux-android/lib] ==> dir [/android/ndk/toolchains/x86_64-4.9/prebuilt/darwin-x86_64/lib/gcc/x86_64-linux-android/4.9.x/../../../../x86_64-linux-android/lib]
    arg [-L/android/ndk/platforms/android-21/arch-x86_64/usr/lib] ==> dir [/android/ndk/platforms/android-21/arch-x86_64/usr/lib]
    arg [--build-id] ==> ignore
    arg [--warn-shared-textrel] ==> ignore
    arg [--fatal-warnings] ==> ignore
    arg [--no-undefined] ==> ignore
    arg [-znoexecstack] ==> ignore
    arg [-zrelro] ==> ignore
    arg [-znow] ==> ignore
    arg [--gc-sections] ==> ignore
    arg [-znocopyreloc] ==> ignore
    arg [--build-id] ==> ignore
    arg [--warn-shared-textrel] ==> ignore
    arg [--fatal-warnings] ==> ignore
    arg [--no-undefined] ==> ignore
    arg [-znoexecstack] ==> ignore
    arg [-zrelro] ==> ignore
    arg [-znow] ==> ignore
    arg [--gc-sections] ==> ignore
    arg [-znocopyreloc] ==> ignore
    arg [CMakeFiles/cmTC_756c1.dir/CMakeCCompilerABI.c.o] ==> ignore
    arg [-lgcc] ==> lib [gcc]
    arg [-ldl] ==> lib [dl]
    arg [-lc] ==> lib [c]
    arg [-lgcc] ==> lib [gcc]
    arg [-ldl] ==> lib [dl]
    arg [/android/ndk/platforms/android-21/arch-x86_64/usr/lib/../lib64/crtend_android.o] ==> ignore
  remove lib [gcc]
  remove lib [gcc]
  collapse library dir [/android/ndk/toolchains/x86_64-4.9/prebuilt/darwin-x86_64/lib/gcc/x86_64-linux-android/4.9.x] ==> [/android/ndk/toolchains/x86_64-4.9/prebuilt/darwin-x86_64/lib/gcc/x86_64-linux-android/4.9.x]
  collapse library dir [/android/ndk/toolchains/x86_64-4.9/prebuilt/darwin-x86_64/lib/gcc/x86_64-linux-android/4.9.x/../../../../x86_64-linux-android/lib/../lib64] ==> [/android/ndk/toolchains/x86_64-4.9/prebuilt/darwin-x86_64/x86_64-linux-android/lib64]
  collapse library dir [/android/ndk/platforms/android-21/arch-x86_64/usr/lib/../lib64] ==> [/android/ndk/platforms/android-21/arch-x86_64/usr/lib64]
  collapse library dir [/android/ndk/toolchains/x86_64-4.9/prebuilt/darwin-x86_64/lib/gcc/x86_64-linux-android/4.9.x/../../../../x86_64-linux-android/lib] ==> [/android/ndk/toolchains/x86_64-4.9/prebuilt/darwin-x86_64/x86_64-linux-android/lib]
  collapse library dir [/android/ndk/platforms/android-21/arch-x86_64/usr/lib] ==> [/android/ndk/platforms/android-21/arch-x86_64/usr/lib]
  implicit libs: [dl;c;dl]
  implicit dirs: [/android/ndk/toolchains/x86_64-4.9/prebuilt/darwin-x86_64/lib/gcc/x86_64-linux-android/4.9.x;/android/ndk/toolchains/x86_64-4.9/prebuilt/darwin-x86_64/x86_64-linux-android/lib64;/android/ndk/platforms/android-21/arch-x86_64/usr/lib64;/android/ndk/toolchains/x86_64-4.9/prebuilt/darwin-x86_64/x86_64-linux-android/lib;/android/ndk/platforms/android-21/arch-x86_64/usr/lib]
  implicit fwks: []


Determining if the CXX compiler works passed with the following output:
Change Dir: /Volumes/iMect/iphone/SuperpoweredSDK/Android/HLSExample/app/.externalNativeBuild/cmake/debug/x86_64/CMakeFiles/CMakeTmp

Run Build Command:"/android/sdk/cmake/3.6.3155560/bin/ninja" "cmTC_e4edb"
[1/2] Building CXX object CMakeFiles/cmTC_e4edb.dir/testCXXCompiler.cxx.o
[2/2] Linking CXX executable cmTC_e4edb


Detecting CXX compiler ABI info compiled with the following output:
Change Dir: /Volumes/iMect/iphone/SuperpoweredSDK/Android/HLSExample/app/.externalNativeBuild/cmake/debug/x86_64/CMakeFiles/CMakeTmp

Run Build Command:"/android/sdk/cmake/3.6.3155560/bin/ninja" "cmTC_6dfe1"
[1/2] Building CXX object CMakeFiles/cmTC_6dfe1.dir/CMakeCXXCompilerABI.cpp.o
[2/2] Linking CXX executable cmTC_6dfe1
Android clang version 3.8.256229  (based on LLVM 3.8.256229)
Target: x86_64-none-linux-android
Thread model: posix
InstalledDir: /android/ndk/toolchains/llvm/prebuilt/darwin-x86_64/bin
Found candidate GCC installation: /android/ndk/toolchains/x86_64-4.9/prebuilt/darwin-x86_64/lib/gcc/x86_64-linux-android/4.9.x
Selected GCC installation: /android/ndk/toolchains/x86_64-4.9/prebuilt/darwin-x86_64/lib/gcc/x86_64-linux-android/4.9.x
Candidate multilib: .;@m64
Candidate multilib: 32;@m32
Candidate multilib: x32;@mx32
Selected multilib: .;@m64
 "/android/ndk/toolchains/x86_64-4.9/prebuilt/darwin-x86_64/lib/gcc/x86_64-linux-android/4.9.x/../../../../x86_64-linux-android/bin/ld" --sysroot=/android/ndk/platforms/android-21/arch-x86_64 -pie --eh-frame-hdr -m elf_x86_64 -dynamic-linker /system/bin/linker64 -o cmTC_6dfe1 /android/ndk/platforms/android-21/arch-x86_64/usr/lib/../lib64/crtbegin_dynamic.o -L/android/ndk/toolchains/x86_64-4.9/prebuilt/darwin-x86_64/lib/gcc/x86_64-linux-android/4.9.x -L/android/ndk/toolchains/x86_64-4.9/prebuilt/darwin-x86_64/lib/gcc/x86_64-linux-android/4.9.x/../../../../x86_64-linux-android/lib/../lib64 -L/android/ndk/platforms/android-21/arch-x86_64/usr/lib/../lib64 -L/android/ndk/toolchains/x86_64-4.9/prebuilt/darwin-x86_64/lib/gcc/x86_64-linux-android/4.9.x/../../../../x86_64-linux-android/lib -L/android/ndk/platforms/android-21/arch-x86_64/usr/lib --build-id --warn-shared-textrel --fatal-warnings --no-undefined -z noexecstack -z relro -z now --gc-sections -z nocopyreloc --build-id --warn-shared-textrel --fatal-warnings --no-undefined -z noexecstack -z relro -z now --gc-sections -z nocopyreloc CMakeFiles/cmTC_6dfe1.dir/CMakeCXXCompilerABI.cpp.o -lstdc++ -lm -lgcc -lgcc -ldl -lc -lgcc -lgcc -ldl /android/ndk/platforms/android-21/arch-x86_64/usr/lib/../lib64/crtend_android.o


Parsed CXX implicit link information from above output:
  link line regex: [^( *|.*[/\])(x86_64-linux-android-ld|([^/\]+-)?ld|collect2)[^/\]*( |$)]
  ignore line: [Change Dir: /Volumes/iMect/iphone/SuperpoweredSDK/Android/HLSExample/app/.externalNativeBuild/cmake/debug/x86_64/CMakeFiles/CMakeTmp]
  ignore line: []
  ignore line: [Run Build Command:"/android/sdk/cmake/3.6.3155560/bin/ninja" "cmTC_6dfe1"]
  ignore line: [[1/2] Building CXX object CMakeFiles/cmTC_6dfe1.dir/CMakeCXXCompilerABI.cpp.o]
  ignore line: [[2/2] Linking CXX executable cmTC_6dfe1]
  ignore line: [Android clang version 3.8.256229  (based on LLVM 3.8.256229)]
  ignore line: [Target: x86_64-none-linux-android]
  ignore line: [Thread model: posix]
  ignore line: [InstalledDir: /android/ndk/toolchains/llvm/prebuilt/darwin-x86_64/bin]
  ignore line: [Found candidate GCC installation: /android/ndk/toolchains/x86_64-4.9/prebuilt/darwin-x86_64/lib/gcc/x86_64-linux-android/4.9.x]
  ignore line: [Selected GCC installation: /android/ndk/toolchains/x86_64-4.9/prebuilt/darwin-x86_64/lib/gcc/x86_64-linux-android/4.9.x]
  ignore line: [Candidate multilib: .]
  ignore line: [@m64]
  ignore line: [Candidate multilib: 32]
  ignore line: [@m32]
  ignore line: [Candidate multilib: x32]
  ignore line: [@mx32]
  ignore line: [Selected multilib: .]
  ignore line: [@m64]
  link line: [ "/android/ndk/toolchains/x86_64-4.9/prebuilt/darwin-x86_64/lib/gcc/x86_64-linux-android/4.9.x/../../../../x86_64-linux-android/bin/ld" --sysroot=/android/ndk/platforms/android-21/arch-x86_64 -pie --eh-frame-hdr -m elf_x86_64 -dynamic-linker /system/bin/linker64 -o cmTC_6dfe1 /android/ndk/platforms/android-21/arch-x86_64/usr/lib/../lib64/crtbegin_dynamic.o -L/android/ndk/toolchains/x86_64-4.9/prebuilt/darwin-x86_64/lib/gcc/x86_64-linux-android/4.9.x -L/android/ndk/toolchains/x86_64-4.9/prebuilt/darwin-x86_64/lib/gcc/x86_64-linux-android/4.9.x/../../../../x86_64-linux-android/lib/../lib64 -L/android/ndk/platforms/android-21/arch-x86_64/usr/lib/../lib64 -L/android/ndk/toolchains/x86_64-4.9/prebuilt/darwin-x86_64/lib/gcc/x86_64-linux-android/4.9.x/../../../../x86_64-linux-android/lib -L/android/ndk/platforms/android-21/arch-x86_64/usr/lib --build-id --warn-shared-textrel --fatal-warnings --no-undefined -z noexecstack -z relro -z now --gc-sections -z nocopyreloc --build-id --warn-shared-textrel --fatal-warnings --no-undefined -z noexecstack -z relro -z now --gc-sections -z nocopyreloc CMakeFiles/cmTC_6dfe1.dir/CMakeCXXCompilerABI.cpp.o -lstdc++ -lm -lgcc -lgcc -ldl -lc -lgcc -lgcc -ldl /android/ndk/platforms/android-21/arch-x86_64/usr/lib/../lib64/crtend_android.o]
    arg [/android/ndk/toolchains/x86_64-4.9/prebuilt/darwin-x86_64/lib/gcc/x86_64-linux-android/4.9.x/../../../../x86_64-linux-android/bin/ld] ==> ignore
    arg [--sysroot=/android/ndk/platforms/android-21/arch-x86_64] ==> ignore
    arg [-pie] ==> ignore
    arg [--eh-frame-hdr] ==> ignore
    arg [-m] ==> ignore
    arg [elf_x86_64] ==> ignore
    arg [-dynamic-linker] ==> ignore
    arg [/system/bin/linker64] ==> ignore
    arg [-o] ==> ignore
    arg [cmTC_6dfe1] ==> ignore
    arg [/android/ndk/platforms/android-21/arch-x86_64/usr/lib/../lib64/crtbegin_dynamic.o] ==> ignore
    arg [-L/android/ndk/toolchains/x86_64-4.9/prebuilt/darwin-x86_64/lib/gcc/x86_64-linux-android/4.9.x] ==> dir [/android/ndk/toolchains/x86_64-4.9/prebuilt/darwin-x86_64/lib/gcc/x86_64-linux-android/4.9.x]
    arg [-L/android/ndk/toolchains/x86_64-4.9/prebuilt/darwin-x86_64/lib/gcc/x86_64-linux-android/4.9.x/../../../../x86_64-linux-android/lib/../lib64] ==> dir [/android/ndk/toolchains/x86_64-4.9/prebuilt/darwin-x86_64/lib/gcc/x86_64-linux-android/4.9.x/../../../../x86_64-linux-android/lib/../lib64]
    arg [-L/android/ndk/platforms/android-21/arch-x86_64/usr/lib/../lib64] ==> dir [/android/ndk/platforms/android-21/arch-x86_64/usr/lib/../lib64]
    arg [-L/android/ndk/toolchains/x86_64-4.9/prebuilt/darwin-x86_64/lib/gcc/x86_64-linux-android/4.9.x/../../../../x86_64-linux-android/lib] ==> dir [/android/ndk/toolchains/x86_64-4.9/prebuilt/darwin-x86_64/lib/gcc/x86_64-linux-android/4.9.x/../../../../x86_64-linux-android/lib]
    arg [-L/android/ndk/platforms/android-21/arch-x86_64/usr/lib] ==> dir [/android/ndk/platforms/android-21/arch-x86_64/usr/lib]
    arg [--build-id] ==> ignore
    arg [--warn-shared-textrel] ==> ignore
    arg [--fatal-warnings] ==> ignore
    arg [--no-undefined] ==> ignore
    arg [-znoexecstack] ==> ignore
    arg [-zrelro] ==> ignore
    arg [-znow] ==> ignore
    arg [--gc-sections] ==> ignore
    arg [-znocopyreloc] ==> ignore
    arg [--build-id] ==> ignore
    arg [--warn-shared-textrel] ==> ignore
    arg [--fatal-warnings] ==> ignore
    arg [--no-undefined] ==> ignore
    arg [-znoexecstack] ==> ignore
    arg [-zrelro] ==> ignore
    arg [-znow] ==> ignore
    arg [--gc-sections] ==> ignore
    arg [-znocopyreloc] ==> ignore
    arg [CMakeFiles/cmTC_6dfe1.dir/CMakeCXXCompilerABI.cpp.o] ==> ignore
    arg [-lstdc++] ==> lib [stdc++]
    arg [-lm] ==> lib [m]
    arg [-lgcc] ==> lib [gcc]
    arg [-lgcc] ==> lib [gcc]
    arg [-ldl] ==> lib [dl]
    arg [-lc] ==> lib [c]
    arg [-lgcc] ==> lib [gcc]
    arg [-lgcc] ==> lib [gcc]
    arg [-ldl] ==> lib [dl]
    arg [/android/ndk/platforms/android-21/arch-x86_64/usr/lib/../lib64/crtend_android.o] ==> ignore
  remove lib [gcc]
  remove lib [gcc]
  remove lib [gcc]
  remove lib [gcc]
  collapse library dir [/android/ndk/toolchains/x86_64-4.9/prebuilt/darwin-x86_64/lib/gcc/x86_64-linux-android/4.9.x] ==> [/android/ndk/toolchains/x86_64-4.9/prebuilt/darwin-x86_64/lib/gcc/x86_64-linux-android/4.9.x]
  collapse library dir [/android/ndk/toolchains/x86_64-4.9/prebuilt/darwin-x86_64/lib/gcc/x86_64-linux-android/4.9.x/../../../../x86_64-linux-android/lib/../lib64] ==> [/android/ndk/toolchains/x86_64-4.9/prebuilt/darwin-x86_64/x86_64-linux-android/lib64]
  collapse library dir [/android/ndk/platforms/android-21/arch-x86_64/usr/lib/../lib64] ==> [/android/ndk/platforms/android-21/arch-x86_64/usr/lib64]
  collapse library dir [/android/ndk/toolchains/x86_64-4.9/prebuilt/darwin-x86_64/lib/gcc/x86_64-linux-android/4.9.x/../../../../x86_64-linux-android/lib] ==> [/android/ndk/toolchains/x86_64-4.9/prebuilt/darwin-x86_64/x86_64-linux-android/lib]
  collapse library dir [/android/ndk/platforms/android-21/arch-x86_64/usr/lib] ==> [/android/ndk/platforms/android-21/arch-x86_64/usr/lib]
  implicit libs: [stdc++;m;dl;c;dl]
  implicit dirs: [/android/ndk/toolchains/x86_64-4.9/prebuilt/darwin-x86_64/lib/gcc/x86_64-linux-android/4.9.x;/android/ndk/toolchains/x86_64-4.9/prebuilt/darwin-x86_64/x86_64-linux-android/lib64;/android/ndk/platforms/android-21/arch-x86_64/usr/lib64;/android/ndk/toolchains/x86_64-4.9/prebuilt/darwin-x86_64/x86_64-linux-android/lib;/android/ndk/platforms/android-21/arch-x86_64/usr/lib]
  implicit fwks: []


