The target system is: Android - 16 - i686
The host system is: Darwin - 16.1.0 - x86_64
Determining if the C compiler works passed with the following output:
Change Dir: /Volumes/iMect/iphone/SuperpoweredSDK/Android/HLSExample/app/.externalNativeBuild/cmake/debug/x86/CMakeFiles/CMakeTmp

Run Build Command:"/android/sdk/cmake/3.6.3155560/bin/ninja" "cmTC_97d7d"
[1/2] Building C object CMakeFiles/cmTC_97d7d.dir/testCCompiler.c.o
[2/2] Linking C executable cmTC_97d7d


Detecting C compiler ABI info compiled with the following output:
Change Dir: /Volumes/iMect/iphone/SuperpoweredSDK/Android/HLSExample/app/.externalNativeBuild/cmake/debug/x86/CMakeFiles/CMakeTmp

Run Build Command:"/android/sdk/cmake/3.6.3155560/bin/ninja" "cmTC_6aa9d"
[1/2] Building C object CMakeFiles/cmTC_6aa9d.dir/CMakeCCompilerABI.c.o
[2/2] Linking C executable cmTC_6aa9d
Android clang version 3.8.256229  (based on LLVM 3.8.256229)
Target: i686-none-linux-android
Thread model: posix
InstalledDir: /android/ndk/toolchains/llvm/prebuilt/darwin-x86_64/bin
Found candidate GCC installation: /android/ndk/toolchains/x86-4.9/prebuilt/darwin-x86_64/lib/gcc/i686-linux-android/4.9.x
Selected GCC installation: /android/ndk/toolchains/x86-4.9/prebuilt/darwin-x86_64/lib/gcc/i686-linux-android/4.9.x
Candidate multilib: .;@m32
Selected multilib: .;@m32
 "/android/ndk/toolchains/x86-4.9/prebuilt/darwin-x86_64/lib/gcc/i686-linux-android/4.9.x/../../../../i686-linux-android/bin/ld" --sysroot=/android/ndk/platforms/android-16/arch-x86 -pie --eh-frame-hdr -m elf_i386 -dynamic-linker /system/bin/linker -o cmTC_6aa9d /android/ndk/platforms/android-16/arch-x86/usr/lib/crtbegin_dynamic.o -L/android/ndk/toolchains/x86-4.9/prebuilt/darwin-x86_64/lib/gcc/i686-linux-android/4.9.x -L/android/ndk/toolchains/x86-4.9/prebuilt/darwin-x86_64/lib/gcc/i686-linux-android/4.9.x/../../../../i686-linux-android/lib -L/android/ndk/platforms/android-16/arch-x86/usr/lib --build-id --warn-shared-textrel --fatal-warnings --no-undefined -z noexecstack -z relro -z now --gc-sections -z nocopyreloc --build-id --warn-shared-textrel --fatal-warnings --no-undefined -z noexecstack -z relro -z now --gc-sections -z nocopyreloc CMakeFiles/cmTC_6aa9d.dir/CMakeCCompilerABI.c.o -lgcc -ldl -lc -lgcc -ldl /android/ndk/platforms/android-16/arch-x86/usr/lib/crtend_android.o


Parsed C implicit link information from above output:
  link line regex: [^( *|.*[/\])(i686-linux-android-ld|([^/\]+-)?ld|collect2)[^/\]*( |$)]
  ignore line: [Change Dir: /Volumes/iMect/iphone/SuperpoweredSDK/Android/HLSExample/app/.externalNativeBuild/cmake/debug/x86/CMakeFiles/CMakeTmp]
  ignore line: []
  ignore line: [Run Build Command:"/android/sdk/cmake/3.6.3155560/bin/ninja" "cmTC_6aa9d"]
  ignore line: [[1/2] Building C object CMakeFiles/cmTC_6aa9d.dir/CMakeCCompilerABI.c.o]
  ignore line: [[2/2] Linking C executable cmTC_6aa9d]
  ignore line: [Android clang version 3.8.256229  (based on LLVM 3.8.256229)]
  ignore line: [Target: i686-none-linux-android]
  ignore line: [Thread model: posix]
  ignore line: [InstalledDir: /android/ndk/toolchains/llvm/prebuilt/darwin-x86_64/bin]
  ignore line: [Found candidate GCC installation: /android/ndk/toolchains/x86-4.9/prebuilt/darwin-x86_64/lib/gcc/i686-linux-android/4.9.x]
  ignore line: [Selected GCC installation: /android/ndk/toolchains/x86-4.9/prebuilt/darwin-x86_64/lib/gcc/i686-linux-android/4.9.x]
  ignore line: [Candidate multilib: .]
  ignore line: [@m32]
  ignore line: [Selected multilib: .]
  ignore line: [@m32]
  link line: [ "/android/ndk/toolchains/x86-4.9/prebuilt/darwin-x86_64/lib/gcc/i686-linux-android/4.9.x/../../../../i686-linux-android/bin/ld" --sysroot=/android/ndk/platforms/android-16/arch-x86 -pie --eh-frame-hdr -m elf_i386 -dynamic-linker /system/bin/linker -o cmTC_6aa9d /android/ndk/platforms/android-16/arch-x86/usr/lib/crtbegin_dynamic.o -L/android/ndk/toolchains/x86-4.9/prebuilt/darwin-x86_64/lib/gcc/i686-linux-android/4.9.x -L/android/ndk/toolchains/x86-4.9/prebuilt/darwin-x86_64/lib/gcc/i686-linux-android/4.9.x/../../../../i686-linux-android/lib -L/android/ndk/platforms/android-16/arch-x86/usr/lib --build-id --warn-shared-textrel --fatal-warnings --no-undefined -z noexecstack -z relro -z now --gc-sections -z nocopyreloc --build-id --warn-shared-textrel --fatal-warnings --no-undefined -z noexecstack -z relro -z now --gc-sections -z nocopyreloc CMakeFiles/cmTC_6aa9d.dir/CMakeCCompilerABI.c.o -lgcc -ldl -lc -lgcc -ldl /android/ndk/platforms/android-16/arch-x86/usr/lib/crtend_android.o]
    arg [/android/ndk/toolchains/x86-4.9/prebuilt/darwin-x86_64/lib/gcc/i686-linux-android/4.9.x/../../../../i686-linux-android/bin/ld] ==> ignore
    arg [--sysroot=/android/ndk/platforms/android-16/arch-x86] ==> ignore
    arg [-pie] ==> ignore
    arg [--eh-frame-hdr] ==> ignore
    arg [-m] ==> ignore
    arg [elf_i386] ==> ignore
    arg [-dynamic-linker] ==> ignore
    arg [/system/bin/linker] ==> ignore
    arg [-o] ==> ignore
    arg [cmTC_6aa9d] ==> ignore
    arg [/android/ndk/platforms/android-16/arch-x86/usr/lib/crtbegin_dynamic.o] ==> ignore
    arg [-L/android/ndk/toolchains/x86-4.9/prebuilt/darwin-x86_64/lib/gcc/i686-linux-android/4.9.x] ==> dir [/android/ndk/toolchains/x86-4.9/prebuilt/darwin-x86_64/lib/gcc/i686-linux-android/4.9.x]
    arg [-L/android/ndk/toolchains/x86-4.9/prebuilt/darwin-x86_64/lib/gcc/i686-linux-android/4.9.x/../../../../i686-linux-android/lib] ==> dir [/android/ndk/toolchains/x86-4.9/prebuilt/darwin-x86_64/lib/gcc/i686-linux-android/4.9.x/../../../../i686-linux-android/lib]
    arg [-L/android/ndk/platforms/android-16/arch-x86/usr/lib] ==> dir [/android/ndk/platforms/android-16/arch-x86/usr/lib]
    arg [--build-id] ==> ignore
    arg [--warn-shared-textrel] ==> ignore
    arg [--fatal-warnings] ==> ignore
    arg [--no-undefined] ==> ignore
    arg [-znoexecstack] ==> ignore
    arg [-zrelro] ==> ignore
    arg [-znow] ==> ignore
    arg [--gc-sections] ==> ignore
    arg [-znocopyreloc] ==> ignore
    arg [--build-id] ==> ignore
    arg [--warn-shared-textrel] ==> ignore
    arg [--fatal-warnings] ==> ignore
    arg [--no-undefined] ==> ignore
    arg [-znoexecstack] ==> ignore
    arg [-zrelro] ==> ignore
    arg [-znow] ==> ignore
    arg [--gc-sections] ==> ignore
    arg [-znocopyreloc] ==> ignore
    arg [CMakeFiles/cmTC_6aa9d.dir/CMakeCCompilerABI.c.o] ==> ignore
    arg [-lgcc] ==> lib [gcc]
    arg [-ldl] ==> lib [dl]
    arg [-lc] ==> lib [c]
    arg [-lgcc] ==> lib [gcc]
    arg [-ldl] ==> lib [dl]
    arg [/android/ndk/platforms/android-16/arch-x86/usr/lib/crtend_android.o] ==> ignore
  remove lib [gcc]
  remove lib [gcc]
  collapse library dir [/android/ndk/toolchains/x86-4.9/prebuilt/darwin-x86_64/lib/gcc/i686-linux-android/4.9.x] ==> [/android/ndk/toolchains/x86-4.9/prebuilt/darwin-x86_64/lib/gcc/i686-linux-android/4.9.x]
  collapse library dir [/android/ndk/toolchains/x86-4.9/prebuilt/darwin-x86_64/lib/gcc/i686-linux-android/4.9.x/../../../../i686-linux-android/lib] ==> [/android/ndk/toolchains/x86-4.9/prebuilt/darwin-x86_64/i686-linux-android/lib]
  collapse library dir [/android/ndk/platforms/android-16/arch-x86/usr/lib] ==> [/android/ndk/platforms/android-16/arch-x86/usr/lib]
  implicit libs: [dl;c;dl]
  implicit dirs: [/android/ndk/toolchains/x86-4.9/prebuilt/darwin-x86_64/lib/gcc/i686-linux-android/4.9.x;/android/ndk/toolchains/x86-4.9/prebuilt/darwin-x86_64/i686-linux-android/lib;/android/ndk/platforms/android-16/arch-x86/usr/lib]
  implicit fwks: []


Determining if the CXX compiler works passed with the following output:
Change Dir: /Volumes/iMect/iphone/SuperpoweredSDK/Android/HLSExample/app/.externalNativeBuild/cmake/debug/x86/CMakeFiles/CMakeTmp

Run Build Command:"/android/sdk/cmake/3.6.3155560/bin/ninja" "cmTC_3b5dd"
[1/2] Building CXX object CMakeFiles/cmTC_3b5dd.dir/testCXXCompiler.cxx.o
[2/2] Linking CXX executable cmTC_3b5dd


Detecting CXX compiler ABI info compiled with the following output:
Change Dir: /Volumes/iMect/iphone/SuperpoweredSDK/Android/HLSExample/app/.externalNativeBuild/cmake/debug/x86/CMakeFiles/CMakeTmp

Run Build Command:"/android/sdk/cmake/3.6.3155560/bin/ninja" "cmTC_04bb3"
[1/2] Building CXX object CMakeFiles/cmTC_04bb3.dir/CMakeCXXCompilerABI.cpp.o
[2/2] Linking CXX executable cmTC_04bb3
Android clang version 3.8.256229  (based on LLVM 3.8.256229)
Target: i686-none-linux-android
Thread model: posix
InstalledDir: /android/ndk/toolchains/llvm/prebuilt/darwin-x86_64/bin
Found candidate GCC installation: /android/ndk/toolchains/x86-4.9/prebuilt/darwin-x86_64/lib/gcc/i686-linux-android/4.9.x
Selected GCC installation: /android/ndk/toolchains/x86-4.9/prebuilt/darwin-x86_64/lib/gcc/i686-linux-android/4.9.x
Candidate multilib: .;@m32
Selected multilib: .;@m32
 "/android/ndk/toolchains/x86-4.9/prebuilt/darwin-x86_64/lib/gcc/i686-linux-android/4.9.x/../../../../i686-linux-android/bin/ld" --sysroot=/android/ndk/platforms/android-16/arch-x86 -pie --eh-frame-hdr -m elf_i386 -dynamic-linker /system/bin/linker -o cmTC_04bb3 /android/ndk/platforms/android-16/arch-x86/usr/lib/crtbegin_dynamic.o -L/android/ndk/toolchains/x86-4.9/prebuilt/darwin-x86_64/lib/gcc/i686-linux-android/4.9.x -L/android/ndk/toolchains/x86-4.9/prebuilt/darwin-x86_64/lib/gcc/i686-linux-android/4.9.x/../../../../i686-linux-android/lib -L/android/ndk/platforms/android-16/arch-x86/usr/lib --build-id --warn-shared-textrel --fatal-warnings --no-undefined -z noexecstack -z relro -z now --gc-sections -z nocopyreloc --build-id --warn-shared-textrel --fatal-warnings --no-undefined -z noexecstack -z relro -z now --gc-sections -z nocopyreloc CMakeFiles/cmTC_04bb3.dir/CMakeCXXCompilerABI.cpp.o -lstdc++ -lm -lgcc -lgcc -ldl -lc -lgcc -lgcc -ldl /android/ndk/platforms/android-16/arch-x86/usr/lib/crtend_android.o


Parsed CXX implicit link information from above output:
  link line regex: [^( *|.*[/\])(i686-linux-android-ld|([^/\]+-)?ld|collect2)[^/\]*( |$)]
  ignore line: [Change Dir: /Volumes/iMect/iphone/SuperpoweredSDK/Android/HLSExample/app/.externalNativeBuild/cmake/debug/x86/CMakeFiles/CMakeTmp]
  ignore line: []
  ignore line: [Run Build Command:"/android/sdk/cmake/3.6.3155560/bin/ninja" "cmTC_04bb3"]
  ignore line: [[1/2] Building CXX object CMakeFiles/cmTC_04bb3.dir/CMakeCXXCompilerABI.cpp.o]
  ignore line: [[2/2] Linking CXX executable cmTC_04bb3]
  ignore line: [Android clang version 3.8.256229  (based on LLVM 3.8.256229)]
  ignore line: [Target: i686-none-linux-android]
  ignore line: [Thread model: posix]
  ignore line: [InstalledDir: /android/ndk/toolchains/llvm/prebuilt/darwin-x86_64/bin]
  ignore line: [Found candidate GCC installation: /android/ndk/toolchains/x86-4.9/prebuilt/darwin-x86_64/lib/gcc/i686-linux-android/4.9.x]
  ignore line: [Selected GCC installation: /android/ndk/toolchains/x86-4.9/prebuilt/darwin-x86_64/lib/gcc/i686-linux-android/4.9.x]
  ignore line: [Candidate multilib: .]
  ignore line: [@m32]
  ignore line: [Selected multilib: .]
  ignore line: [@m32]
  link line: [ "/android/ndk/toolchains/x86-4.9/prebuilt/darwin-x86_64/lib/gcc/i686-linux-android/4.9.x/../../../../i686-linux-android/bin/ld" --sysroot=/android/ndk/platforms/android-16/arch-x86 -pie --eh-frame-hdr -m elf_i386 -dynamic-linker /system/bin/linker -o cmTC_04bb3 /android/ndk/platforms/android-16/arch-x86/usr/lib/crtbegin_dynamic.o -L/android/ndk/toolchains/x86-4.9/prebuilt/darwin-x86_64/lib/gcc/i686-linux-android/4.9.x -L/android/ndk/toolchains/x86-4.9/prebuilt/darwin-x86_64/lib/gcc/i686-linux-android/4.9.x/../../../../i686-linux-android/lib -L/android/ndk/platforms/android-16/arch-x86/usr/lib --build-id --warn-shared-textrel --fatal-warnings --no-undefined -z noexecstack -z relro -z now --gc-sections -z nocopyreloc --build-id --warn-shared-textrel --fatal-warnings --no-undefined -z noexecstack -z relro -z now --gc-sections -z nocopyreloc CMakeFiles/cmTC_04bb3.dir/CMakeCXXCompilerABI.cpp.o -lstdc++ -lm -lgcc -lgcc -ldl -lc -lgcc -lgcc -ldl /android/ndk/platforms/android-16/arch-x86/usr/lib/crtend_android.o]
    arg [/android/ndk/toolchains/x86-4.9/prebuilt/darwin-x86_64/lib/gcc/i686-linux-android/4.9.x/../../../../i686-linux-android/bin/ld] ==> ignore
    arg [--sysroot=/android/ndk/platforms/android-16/arch-x86] ==> ignore
    arg [-pie] ==> ignore
    arg [--eh-frame-hdr] ==> ignore
    arg [-m] ==> ignore
    arg [elf_i386] ==> ignore
    arg [-dynamic-linker] ==> ignore
    arg [/system/bin/linker] ==> ignore
    arg [-o] ==> ignore
    arg [cmTC_04bb3] ==> ignore
    arg [/android/ndk/platforms/android-16/arch-x86/usr/lib/crtbegin_dynamic.o] ==> ignore
    arg [-L/android/ndk/toolchains/x86-4.9/prebuilt/darwin-x86_64/lib/gcc/i686-linux-android/4.9.x] ==> dir [/android/ndk/toolchains/x86-4.9/prebuilt/darwin-x86_64/lib/gcc/i686-linux-android/4.9.x]
    arg [-L/android/ndk/toolchains/x86-4.9/prebuilt/darwin-x86_64/lib/gcc/i686-linux-android/4.9.x/../../../../i686-linux-android/lib] ==> dir [/android/ndk/toolchains/x86-4.9/prebuilt/darwin-x86_64/lib/gcc/i686-linux-android/4.9.x/../../../../i686-linux-android/lib]
    arg [-L/android/ndk/platforms/android-16/arch-x86/usr/lib] ==> dir [/android/ndk/platforms/android-16/arch-x86/usr/lib]
    arg [--build-id] ==> ignore
    arg [--warn-shared-textrel] ==> ignore
    arg [--fatal-warnings] ==> ignore
    arg [--no-undefined] ==> ignore
    arg [-znoexecstack] ==> ignore
    arg [-zrelro] ==> ignore
    arg [-znow] ==> ignore
    arg [--gc-sections] ==> ignore
    arg [-znocopyreloc] ==> ignore
    arg [--build-id] ==> ignore
    arg [--warn-shared-textrel] ==> ignore
    arg [--fatal-warnings] ==> ignore
    arg [--no-undefined] ==> ignore
    arg [-znoexecstack] ==> ignore
    arg [-zrelro] ==> ignore
    arg [-znow] ==> ignore
    arg [--gc-sections] ==> ignore
    arg [-znocopyreloc] ==> ignore
    arg [CMakeFiles/cmTC_04bb3.dir/CMakeCXXCompilerABI.cpp.o] ==> ignore
    arg [-lstdc++] ==> lib [stdc++]
    arg [-lm] ==> lib [m]
    arg [-lgcc] ==> lib [gcc]
    arg [-lgcc] ==> lib [gcc]
    arg [-ldl] ==> lib [dl]
    arg [-lc] ==> lib [c]
    arg [-lgcc] ==> lib [gcc]
    arg [-lgcc] ==> lib [gcc]
    arg [-ldl] ==> lib [dl]
    arg [/android/ndk/platforms/android-16/arch-x86/usr/lib/crtend_android.o] ==> ignore
  remove lib [gcc]
  remove lib [gcc]
  remove lib [gcc]
  remove lib [gcc]
  collapse library dir [/android/ndk/toolchains/x86-4.9/prebuilt/darwin-x86_64/lib/gcc/i686-linux-android/4.9.x] ==> [/android/ndk/toolchains/x86-4.9/prebuilt/darwin-x86_64/lib/gcc/i686-linux-android/4.9.x]
  collapse library dir [/android/ndk/toolchains/x86-4.9/prebuilt/darwin-x86_64/lib/gcc/i686-linux-android/4.9.x/../../../../i686-linux-android/lib] ==> [/android/ndk/toolchains/x86-4.9/prebuilt/darwin-x86_64/i686-linux-android/lib]
  collapse library dir [/android/ndk/platforms/android-16/arch-x86/usr/lib] ==> [/android/ndk/platforms/android-16/arch-x86/usr/lib]
  implicit libs: [stdc++;m;dl;c;dl]
  implicit dirs: [/android/ndk/toolchains/x86-4.9/prebuilt/darwin-x86_64/lib/gcc/i686-linux-android/4.9.x;/android/ndk/toolchains/x86-4.9/prebuilt/darwin-x86_64/i686-linux-android/lib;/android/ndk/platforms/android-16/arch-x86/usr/lib]
  implicit fwks: []


